<?xml version="1.0" encoding="UTF-8"?>
<!-- Generated by org.testng.reporters.JUnitXMLReporter -->
<testsuite ignored="1" hostname="DESKTOP-J7VGB0L" failures="0" tests="1" name="TestRunner1" time="26.406" errors="0" timestamp="2025-04-05T19:28:32 IST">
  <testcase classname="Campaign.CreateCampaignTest" name="createProductTest" time="15.864"/>
  <testcase classname="Campaign.CreateCampaignTest" name="createCampaignNameTest" time="0.0">
    <ignored/>
  </testcase> <!-- createCampaignNameTest -->
</testsuite> <!-- TestRunner1 -->
