<?xml version="1.0" encoding="UTF-8"?>
<!-- Generated by org.testng.reporters.JUnitXMLReporter -->
<testsuite ignored="8" hostname="DESKTOP-J7VGB0L" failures="2" tests="6" name="Test" time="143.236" errors="0" timestamp="2025-04-11T19:22:00 IST">
  <testcase classname="Contacts.CreateContactsTest" name="createContactsTest" time="28.73">
    <failure type="java.lang.AssertionError" message="---failing the script-----">
      <![CDATA[java.lang.AssertionError: ---failing the script-----
at Contacts.CreateContactsTest.createContactsTest(CreateContactsTest.java:96)
at java.base/java.util.ArrayList.forEach(ArrayList.java:1597)
... Removed 26 stack frames]]>
    </failure>
  </testcase> <!-- createContactsTest -->
  <testcase classname="CreateProduct.CreateProductTest" name="createProductTest" time="24.958"/>
  <testcase classname="Campaign.CreateCampaignTest" name="createCampaignNameTest" time="9.574">
    <skipped/>
  </testcase> <!-- createCampaignNameTest -->
  <testcase classname="Campaign.CreateCampaignTest" name="createCampaignNameTest" time="7.526">
    <skipped/>
  </testcase> <!-- createCampaignNameTest -->
  <testcase classname="Campaign.CreateCampaignTest" name="createCampaignNameTest" time="8.357">
    <skipped/>
  </testcase> <!-- createCampaignNameTest -->
  <testcase classname="Campaign.CreateCampaignTest" name="createCampaignNameTest" time="9.659">
    <failure type="java.lang.AssertionError" message="---failing the script-----">
      <![CDATA[java.lang.AssertionError: ---failing the script-----
at Campaign.CreateCampaignTest.createCampaignNameTest(CreateCampaignTest.java:63)
at java.base/java.util.ArrayList.forEach(ArrayList.java:1597)
... Removed 26 stack frames]]>
    </failure>
  </testcase> <!-- createCampaignNameTest -->
  <testcase classname="Generic_Utilities.BaseClass" name="@AfterSuite afterSuite" time="0.0">
    <ignored/>
  </testcase> <!-- @AfterSuite afterSuite -->
  <testcase classname="Generic_Utilities.BaseClass" name="@BeforeSuite beforeSuite" time="0.0">
    <ignored/>
  </testcase> <!-- @BeforeSuite beforeSuite -->
  <testcase classname="Generic_Utilities.BaseClass" name="@AfterTest afterTest" time="0.0">
    <ignored/>
  </testcase> <!-- @AfterTest afterTest -->
  <testcase classname="Generic_Utilities.BaseClass" name="@BeforeTest beforeTest" time="0.0">
    <ignored/>
  </testcase> <!-- @BeforeTest beforeTest -->
  <testcase classname="Generic_Utilities.BaseClass" name="@BeforeTest beforeTest" time="0.0">
    <ignored/>
  </testcase> <!-- @BeforeTest beforeTest -->
  <testcase classname="Generic_Utilities.BaseClass" name="@AfterTest afterTest" time="0.0">
    <ignored/>
  </testcase> <!-- @AfterTest afterTest -->
  <testcase classname="Generic_Utilities.BaseClass" name="@AfterSuite afterSuite" time="0.0">
    <ignored/>
  </testcase> <!-- @AfterSuite afterSuite -->
  <testcase classname="Generic_Utilities.BaseClass" name="@BeforeSuite beforeSuite" time="0.0">
    <ignored/>
  </testcase> <!-- @BeforeSuite beforeSuite -->
</testsuite> <!-- Test -->
